<?xml version="1.0" encoding="UTF-8"?>
<testng-results ignored="0" total="1" passed="1" failed="0" skipped="0">
  <reporter-output>
  </reporter-output>
  <suite started-at="2023-09-15T04:33:52 IST" name="Default suite" finished-at="2023-09-15T04:35:04 IST" duration-ms="72359">
    <groups>
    </groups>
    <test started-at="2023-09-15T04:33:52 IST" name="Default test" finished-at="2023-09-15T04:35:04 IST" duration-ms="72359">
      <class name="com.amdocs.TestCases.IndexPagetest">
        <test-method is-config="true" signature="setup()[pri:0, instance:com.amdocs.TestCases.IndexPagetest@3246fb96]" started-at="2023-09-15T04:33:52 IST" name="setup" finished-at="2023-09-15T04:34:01 IST" duration-ms="9353" status="PASS">
          <reporter-output>
          </reporter-output>
        </test-method> <!-- setup -->
        <test-method signature="loginTest()[pri:0, instance:com.amdocs.TestCases.IndexPagetest@3246fb96]" started-at="2023-09-15T04:34:01 IST" name="loginTest" finished-at="2023-09-15T04:35:04 IST" duration-ms="62967" status="PASS">
          <reporter-output>
          </reporter-output>
        </test-method> <!-- loginTest -->
      </class> <!-- com.amdocs.TestCases.IndexPagetest -->
    </test> <!-- Default test -->
  </suite> <!-- Default suite -->
</testng-results>
